<?xml version="1.0" encoding="UTF-8"?>
<!-- Generated by org.testng.reporters.JUnitXMLReporter -->
<testsuite hostname="5CG8243NH8" ignored="0" name="Education Logs" tests="2" failures="1" timestamp="10 Mar 2019 08:50:47 GMT" time="41.131" errors="0">
  <testcase name="f" time="2.298" classname="test.TC01"/>
  <testcase name="f" time="0.465" classname="test.TC02">
    <failure type="java.lang.AssertionError" message="expected [true] but found [false]">
      <![CDATA[java.lang.AssertionError: expected [true] but found [false]
at test.TC02.f(TC02.java:26)
... Removed 29 stack frames]]>
    </failure>
  </testcase> <!-- f -->
</testsuite> <!-- Education Logs -->
